\BOOKMARK [0][-]{chapter.1}{\376\377\136\217\212\000\040\024\121\231\127\050\122\115\227\142}{}% 1
\BOOKMARK [0][-]{chapter.2}{\376\377\217\320\122\250\133\146}{}% 2
\BOOKMARK [1][-]{section.2.1}{\376\377\217\320\122\250\162\151\117\123\166\204\142\275\214\141\377\032\215\050\160\271}{chapter.2}% 3
\BOOKMARK [1][-]{section.2.2}{\376\377\147\000\173\200\123\125\166\204\217\320\122\250\377\032\116\000\176\364\217\320\122\250}{chapter.2}% 4
\BOOKMARK [2][-]{subsection.2.2.1}{\376\377\217\320\122\250\166\204\137\353\141\142\377\032\220\037\163\207}{section.2.2}% 5
\BOOKMARK [2][-]{subsection.2.2.2}{\376\377\126\376\120\317\213\346\211\343}{section.2.2}% 6
\BOOKMARK [2][-]{subsection.2.2.3}{\376\377\122\240\220\037\136\246\377\014\123\000\122\240\220\037\217\320\122\250}{section.2.2}% 7
\BOOKMARK [2][-]{subsection.2.2.4}{\376\377\204\075\117\123\217\320\122\250}{section.2.2}% 8
\BOOKMARK [1][-]{section.2.3}{\376\377\232\330\176\364\217\320\122\250\377\014\117\115\171\373\377\014\220\037\136\246}{chapter.2}% 9
\BOOKMARK [2][-]{subsection.2.3.1}{\376\377\117\115\177\156\166\204\170\156\133\232\377\032\127\120\150\007\174\373}{section.2.3}% 10
\BOOKMARK [2][-]{subsection.2.3.2}{\376\377\117\115\177\156\166\204\123\330\123\026\377\032\117\115\171\373}{section.2.3}% 11
\BOOKMARK [2][-]{subsection.2.3.3}{\376\377\121\167\147\011\131\047\134\017\166\204\145\271\124\021\166\204\162\151\164\006\221\317\377\032\167\342\221\317}{section.2.3}% 12
\BOOKMARK [2][-]{subsection.2.3.4}{\376\377\217\320\122\250\166\204\137\353\141\142\377\032\220\037\136\246}{section.2.3}% 13
\BOOKMARK [2][-]{subsection.2.3.5}{\376\377\220\037\136\246\166\204\123\330\123\026\377\032\122\240\220\037\136\246}{section.2.3}% 14
\BOOKMARK [1][-]{section.2.4}{\376\377\142\233\117\123\217\320\122\250}{chapter.2}% 15
\BOOKMARK [1][-]{section.2.5}{\376\377\127\006\124\150\217\320\122\250}{chapter.2}% 16
\BOOKMARK [1][-]{section.2.6}{\376\377\136\163\227\142\121\205\166\204\146\362\176\277\217\320\122\250}{chapter.2}% 17
\BOOKMARK [2][-]{subsection.2.6.1}{\376\377\126\372\133\232\127\120\150\007\174\373}{section.2.6}% 18
\BOOKMARK [2][-]{subsection.2.6.2}{\376\377\201\352\161\066\127\120\150\007\174\373}{section.2.6}% 19
\BOOKMARK [1][-]{section.2.7}{\376\377\131\051\117\123\217\320\122\250\377\032\131\052\226\063\174\373\166\204\217\320\210\114}{chapter.2}% 20
\BOOKMARK [2][-]{subsection.2.7.1}{\376\377\137\000\146\156\122\322\173\054\116\000\133\232\137\213\377\032\151\055\127\006}{section.2.7}% 21
\BOOKMARK [2][-]{subsection.2.7.2}{\376\377\137\000\146\156\122\322\173\054\116\214\133\232\137\213}{section.2.7}% 22
\BOOKMARK [2][-]{subsection.2.7.3}{\376\377\137\000\146\156\122\322\173\054\116\011\133\232\137\213}{section.2.7}% 23
\BOOKMARK [1][-]{section.2.8}{\376\377\166\370\133\371\217\320\122\250\377\014\123\302\200\003\174\373}{chapter.2}% 24
\BOOKMARK [2][-]{subsection.2.8.1}{\376\377\127\050\116\015\124\014\127\120\150\007\174\373\116\055\143\317\121\231\217\320\122\250}{section.2.8}% 25
\BOOKMARK [2][-]{subsection.2.8.2}{\376\377\166\370\133\371\217\320\122\250\116\055\166\204\167\342\221\317\217\320\173\227}{section.2.8}% 26
\BOOKMARK [1][-]{section.2.9}{\376\377\123\327\176\246\147\137\166\204\217\320\122\250}{chapter.2}% 27
\BOOKMARK [1][-]{section.2.10}{\376\377\122\032\117\123\217\320\122\250}{chapter.2}% 28
\BOOKMARK [1][-]{section.2.11}{\376\377\155\101\117\123\217\320\122\250}{chapter.2}% 29
\BOOKMARK [1][-]{section.2.12}{\376\377\217\320\122\250\133\146\176\374\124\010}{chapter.2}% 30
\BOOKMARK [0][-]{chapter.3}{\376\377\227\131\122\233\133\146}{}% 31
\BOOKMARK [1][-]{section.3.1}{\376\377\122\233\166\204\127\372\147\054\140\047\215\050}{chapter.3}% 32
\BOOKMARK [2][-]{subsection.3.1.1}{\376\377\221\315\122\233}{section.3.1}% 33
\BOOKMARK [2][-]{subsection.3.1.2}{\376\377\137\071\122\233}{section.3.1}% 34
\BOOKMARK [2][-]{subsection.3.1.3}{\376\377\156\321\122\250\144\151\144\346\122\233\060\001\227\131\144\151\144\346\122\233}{section.3.1}% 35
\BOOKMARK [1][-]{section.3.2}{\376\377\123\327\122\233\122\006\147\220}{chapter.3}% 36
\BOOKMARK [1][-]{section.3.3}{\376\377\227\131\122\233\136\163\210\141}{chapter.3}% 37
\BOOKMARK [2][-]{subsection.3.3.1}{\376\377\146\057\124\046\156\321\122\250\377\037}{section.3.3}% 38
\BOOKMARK [2][-]{subsection.3.3.2}{\376\377\147\011\215\050\221\317\176\363\166\204\140\305\121\265}{section.3.3}% 39
\BOOKMARK [2][-]{subsection.3.3.3}{\376\377\136\163\210\141\166\204\172\063\133\232\140\047}{section.3.3}% 40
\BOOKMARK [0][-]{chapter.4}{\376\377\162\133\230\177\217\320\122\250\133\232\137\213\123\312\136\224\165\050}{}% 41
\BOOKMARK [1][-]{section.4.1}{\376\377\116\011\131\047\217\320\122\250\133\232\137\213}{chapter.4}% 42
\BOOKMARK [2][-]{subsection.4.1.1}{\376\377\173\054\116\000\133\232\137\213\377\032\140\357\140\047}{section.4.1}% 43
\BOOKMARK [2][-]{subsection.4.1.2}{\376\377\173\054\116\214\133\232\137\213\377\032\122\240\220\037}{section.4.1}% 44
\BOOKMARK [2][-]{subsection.4.1.3}{\376\377\173\054\116\011\133\232\137\213\377\032\166\370\116\222\117\134\165\050}{section.4.1}% 45
\BOOKMARK [1][-]{section.4.2}{\376\377\136\224\165\050}{chapter.4}% 46
\BOOKMARK [1][-]{section.4.3}{\376\377\227\136\140\357\140\047\174\373\116\055\166\204\217\320\122\250}{chapter.4}% 47
\BOOKMARK [0][-]{chapter.5}{\376\377\122\250\221\317\133\232\164\006\060\001\122\250\221\317\133\210\140\122}{}% 48
\BOOKMARK [1][-]{section.5.1}{\376\377\122\250\221\317\133\232\164\006}{chapter.5}% 49
\BOOKMARK [2][-]{subsection.5.1.1}{\376\377\123\125\116\052\162\151\117\123\166\204\122\250\122\233\133\146}{section.5.1}% 50
\BOOKMARK [2][-]{subsection.5.1.2}{\376\377\131\032\116\052\162\151\117\123\166\204\217\320\122\250}{section.5.1}% 51
\BOOKMARK [2][-]{subsection.5.1.3}{\376\377\121\262\121\373\124\214\170\260\144\236}{section.5.1}% 52
\BOOKMARK [2][-]{subsection.5.1.4}{\376\377\136\224\165\050\122\060\155\101\117\123}{section.5.1}% 53
\BOOKMARK [2][-]{subsection.5.1.5}{\376\377\215\050\221\317\123\330\123\026\166\204\140\305\121\265}{section.5.1}% 54
\BOOKMARK [1][-]{section.5.2}{\376\377\122\250\221\317\133\210\140\122}{chapter.5}% 55
\BOOKMARK [2][-]{subsection.5.2.1}{\376\377\140\073\122\250\221\317\133\210\140\122}{section.5.2}% 56
\BOOKMARK [2][-]{subsection.5.2.2}{\376\377\122\250\221\317\166\204\122\006\221\317\133\210\140\122}{section.5.2}% 57
\BOOKMARK [2][-]{subsection.5.2.3}{\376\377\121\262\121\373\060\001\170\260\144\236\217\307\172\013\116\055\166\204\122\250\221\317\133\210\140\122}{section.5.2}% 58
\BOOKMARK [2][-]{subsection.5.2.4}{\376\377\215\050\137\303\123\302\200\003\174\373}{section.5.2}% 59
\BOOKMARK [1][-]{section.5.3}{\376\377\123\330\215\050\221\317\174\373\176\337\377\014\160\153\173\255}{chapter.5}% 60
\BOOKMARK [0][-]{chapter.6}{\376\377\122\237\124\214\122\250\200\375\377\014\147\072\150\260\200\375\133\210\140\122}{}% 61
\BOOKMARK [1][-]{section.6.1}{\376\377\122\237\377\014\122\250\200\375\133\232\164\006}{chapter.6}% 62
\BOOKMARK [2][-]{subsection.6.1.1}{\376\377\122\237\124\214\122\250\200\375\166\204\170\156\133\232}{section.6.1}% 63
\BOOKMARK [2][-]{subsection.6.1.2}{\376\377\131\032\116\052\162\151\117\123\166\204\140\305\121\265}{section.6.1}% 64
\BOOKMARK [2][-]{subsection.6.1.3}{\376\377\116\015\124\014\123\302\200\003\174\373\116\055\166\204\122\250\200\375\133\232\164\006}{section.6.1}% 65
\BOOKMARK [2][-]{subsection.6.1.4}{\376\377\122\237\116\016\122\233\166\204\121\163\174\373\377\032\206\132\122\237\123\237\164\006\122\035\153\145}{section.6.1}% 66
\BOOKMARK [2][-]{subsection.6.1.5}{\376\377\123\330\122\233\117\134\122\237}{section.6.1}% 67
\BOOKMARK [1][-]{section.6.2}{\376\377\122\277\200\375\060\001\200\375\221\317\133\210\140\122\133\232\137\213}{chapter.6}% 68
\BOOKMARK [2][-]{subsection.6.2.1}{\376\377\221\315\122\233\117\134\165\050\116\013\162\151\117\123\166\204\217\320\122\250}{section.6.2}% 69
\BOOKMARK [2][-]{subsection.6.2.2}{\376\377\117\335\133\210\122\233\060\001\122\277\200\375}{section.6.2}% 70
\BOOKMARK [1][-]{section.6.3}{\376\377\215\050\160\271\174\373\176\337\166\204\147\072\150\260\200\375\133\210\140\122}{chapter.6}% 71
\BOOKMARK [2][-]{subsection.6.3.1}{\376\377\147\072\150\260\200\375\166\204\143\137\131\061\377\032\144\151\144\346}{section.6.3}% 72
\BOOKMARK [1][-]{section.6.4}{\376\377\200\375\221\317\166\204\217\154\123\026\116\016\133\210\140\122\133\232\137\213}{chapter.6}% 73
\BOOKMARK [0][-]{chapter.7}{\376\377\211\322\122\250\221\317\060\001\122\233\167\351\124\214\211\322\122\250\221\317\133\210\140\122}{}% 74
\BOOKMARK [1][-]{section.7.1}{\376\377\147\011\137\303\122\233\117\134\165\050\116\013\166\204\136\163\227\142\217\320\122\250}{chapter.7}% 75
\BOOKMARK [1][-]{section.7.2}{\376\377\122\233\167\351\377\014\211\322\122\250\221\317}{chapter.7}% 76
\BOOKMARK [1][-]{section.7.3}{\376\377\211\322\122\250\221\317\133\210\140\122\133\232\137\213}{chapter.7}% 77
\BOOKMARK [1][-]{section.7.4}{\376\377\215\050\160\271\174\373\176\337\166\204\211\322\122\250\221\317\133\210\140\122}{chapter.7}% 78
\BOOKMARK [0][-]{chapter.8}{\376\377\116\007\147\011\137\025\122\233\164\006\213\272}{}% 79
\BOOKMARK [1][-]{section.8.1}{\376\377\116\007\147\011\137\025\122\233\166\204\123\321\163\260}{chapter.8}% 80
\BOOKMARK [1][-]{section.8.2}{\376\377\116\015\200\375\167\013\120\132\215\050\160\271\162\151\117\123\116\113\225\364\166\204\137\025\122\233}{chapter.8}% 81
\BOOKMARK [1][-]{section.8.3}{\376\377\116\007\147\011\137\025\122\233\133\232\137\213\166\204\116\000\116\233\176\323\213\272}{chapter.8}% 82
\BOOKMARK [1][-]{section.8.4}{\376\377\137\025\122\233\117\134\165\050\116\013\166\204\217\320\122\250\377\032\122\237\060\001\122\277\200\375\124\214\211\322\122\250\221\317}{chapter.8}% 83
\BOOKMARK [1][-]{section.8.5}{\376\377\116\000\116\233\145\160\133\146\377\032\151\055\127\006\124\214\127\006\151\016\146\362\176\277}{chapter.8}% 84
\BOOKMARK [1][-]{section.8.6}{\376\377\202\052\131\051\126\150\166\204\217\150\220\123}{chapter.8}% 85
\BOOKMARK [1][-]{section.8.7}{\376\377\137\025\122\233\117\134\165\050\116\013\166\204\131\051\117\123\217\320\122\250}{chapter.8}% 86
\BOOKMARK [1][-]{section.8.8}{\376\377\127\060\000-\147\010\174\373\176\337}{chapter.8}% 87
\BOOKMARK [0][-]{chapter.9}{\376\377\143\057\122\250\124\214\154\342}{}% 88
\BOOKMARK [1][-]{section.9.1}{\376\377\173\200\214\020\143\057\122\250}{chapter.9}% 89
\BOOKMARK [2][-]{subsection.9.1.1}{\376\377\123\125\144\106}{section.9.1}% 90
\BOOKMARK [2][-]{subsection.9.1.2}{\376\377\137\256\136\105\143\057\122\250}{section.9.1}% 91
\BOOKMARK [2][-]{subsection.9.1.3}{\376\377\226\073\134\074\060\001\123\327\217\353\143\057\122\250\377\014\121\161\143\057}{section.9.1}% 92
\BOOKMARK [1][-]{section.9.2}{\376\377\154\342}{chapter.9}% 93
\BOOKMARK [2][-]{subsection.9.2.1}{\376\377\154\342\166\204\140\047\215\050}{section.9.2}% 94
\BOOKMARK [2][-]{subsection.9.2.2}{\376\377\154\342\166\204\136\162\155\211\124\214\210\115\134\004}{section.9.2}% 95
\BOOKMARK [2][-]{subsection.9.2.3}{\376\377\131\032\146\156\122\322\145\110\136\224}{section.9.2}% 96
\BOOKMARK [2][-]{subsection.9.2.4}{\376\377\154\342\166\204\122\250\122\233\133\146}{section.9.2}% 97
\BOOKMARK [0][-]{chapter.10}{\376\377\122\032\117\123\122\250\122\233\133\146}{}% 98
\BOOKMARK [1][-]{section.10.1}{\376\377\122\032\117\123\217\320\122\250\166\204\143\317\121\231}{chapter.10}% 99
\BOOKMARK [1][-]{section.10.2}{\376\377\217\154\122\250\140\357\221\317}{chapter.10}% 100
\BOOKMARK [1][-]{section.10.3}{\376\377\122\032\117\123\122\250\122\233\133\146}{chapter.10}% 101
\BOOKMARK [0][-]{chapter.11}{\376\377\160\355\122\233\133\146}{}% 102
\BOOKMARK [1][-]{section.11.1}{\376\377\122\006\133\120\122\250\164\006\213\272}{chapter.11}% 103
\BOOKMARK [1][-]{section.11.2}{\376\377\164\006\140\363\154\024\117\123\166\204\140\047\215\050}{chapter.11}% 104
\BOOKMARK [2][-]{subsection.11.2.1}{\376\377\164\006\140\363\154\024\117\123\162\266\140\001\145\271\172\013}{section.11.2}% 105
\BOOKMARK [2][-]{subsection.11.2.2}{\376\377\164\006\140\363\154\024\117\123\162\266\140\001\145\271\172\013\166\204\137\256\211\302\211\343\221\312}{section.11.2}% 106
\BOOKMARK [2][-]{subsection.11.2.3}{\376\377\154\024\117\123\166\204\121\205\200\375}{section.11.2}% 107
\BOOKMARK [2][-]{subsection.11.2.4}{\376\377\154\024\117\123\166\204\117\134\122\237}{section.11.2}% 108
\BOOKMARK [1][-]{section.11.3}{\376\377\160\355\122\233\133\146\173\054\116\000\133\232\137\213}{chapter.11}% 109
\BOOKMARK [2][-]{subsection.11.3.1}{\376\377\160\355\122\233\133\146\116\055\166\204\200\375\221\317\217\154\123\026\116\016\133\210\140\122}{section.11.3}% 110
\BOOKMARK [2][-]{subsection.11.3.2}{\376\377\154\024\117\123\176\335\160\355\217\307\172\013}{section.11.3}% 111
\BOOKMARK [2][-]{subsection.11.3.3}{\376\377\160\355\122\233\133\146\137\252\163\257\166\204\145\110\163\207}{section.11.3}% 112
\BOOKMARK [1][-]{section.11.4}{\376\377\131\015\147\102\154\024\117\123\217\307\172\013}{chapter.11}% 113
\BOOKMARK [1][-]{section.11.5}{\376\377\160\355\122\233\133\146\173\054\116\214\133\232\137\213\173\200\116\313}{chapter.11}% 114
\BOOKMARK [1][-]{section.11.6}{\376\377\155\262\117\123\210\150\227\142\137\040\122\233\060\001\153\333\176\306\163\260\214\141}{chapter.11}% 115
\BOOKMARK [1][-]{section.11.7}{\376\377\126\372\117\123\167\345\213\306\173\200\116\313}{chapter.11}% 116
\BOOKMARK [1][-]{section.11.8}{\376\377\166\370\123\330}{chapter.11}% 117
\BOOKMARK [1][-]{section.11.9}{\376\377\160\355\117\040\220\022}{chapter.11}% 118
\BOOKMARK [0][-]{chapter.12}{\376\377\121\340\117\125\121\111\133\146}{}% 119
\BOOKMARK [1][-]{section.12.1}{\376\377\121\111\166\204\123\315\134\004}{chapter.12}% 120
\BOOKMARK [1][-]{section.12.2}{\376\377\142\230\134\004\116\016\121\150\123\315\134\004}{chapter.12}% 121
\BOOKMARK [2][-]{subsection.12.2.1}{\376\377\142\230\134\004\133\232\137\213\000\050\000L\000a\000w\000\040\000o\000f\000\040\000R\000e\000f\000r\000a\000c\000t\000i\000o\000n\000\051}{section.12.2}% 122
\BOOKMARK [2][-]{subsection.12.2.2}{\376\377\121\150\123\315\134\004}{section.12.2}% 123
\BOOKMARK [1][-]{section.12.3}{\376\377\121\111\176\277\117\040\144\255\166\204\116\000\202\054\211\304\137\213\377\032\140\340\146\364\145\257\000-\203\362\155\205\134\024\123\237\164\006\124\214\215\071\232\154\123\237\164\006}{chapter.12}% 124
\BOOKMARK [1][-]{section.12.4}{\376\377\217\321\217\164\142\020\120\317}{chapter.12}% 125
\BOOKMARK [1][-]{section.12.5}{\376\377\136\070\211\301\142\020\120\317\174\373\176\337\116\016\173\046\123\367\154\325\122\031}{chapter.12}% 126
\BOOKMARK [1][-]{section.12.6}{\376\377\164\003\227\142\225\134\060\001\220\017\225\134\142\020\120\317}{chapter.12}% 127
\BOOKMARK [1][-]{section.12.7}{\376\377\121\111\121\167\176\304\142\020\120\317}{chapter.12}% 128
\BOOKMARK [1][-]{section.12.8}{\376\377\121\111\133\146\116\352\126\150}{chapter.12}% 129
\BOOKMARK [0][-]{chapter.13}{\376\377\137\256\171\357\122\006\127\050\162\151\164\006\137\123\116\055\166\204\136\224\165\050}{}% 130
\BOOKMARK [1][-]{section.13.1}{\376\377\133\374\145\160\123\312\121\166\136\224\165\050}{chapter.13}% 131
\BOOKMARK [2][-]{subsection.13.1.1}{\376\377\162\151\164\006\221\317\166\204\123\330\123\026\163\207}{section.13.1}% 132
\BOOKMARK [2][-]{subsection.13.1.2}{\376\377\154\102\147\201\120\074}{section.13.1}% 133
\BOOKMARK [2][-]{subsection.13.1.3}{\376\377\154\102\172\063\133\232\160\271\124\214\172\063\133\232\140\047}{section.13.1}% 134
\BOOKMARK [2][-]{subsection.13.1.4}{\376\377\120\132\134\125\137\000}{section.13.1}% 135
\BOOKMARK [1][-]{section.13.2}{\376\377\171\357\122\006\123\312\121\166\136\224\165\050}{chapter.13}% 136
\BOOKMARK [0][-]{chapter.14}{\376\377\227\131\165\065\133\146}{}% 137
\BOOKMARK [1][-]{section.14.1}{\376\377\165\065\203\167\123\312\121\166\137\256\211\302\211\343\221\312\060\001\165\065\203\167\133\210\140\122}{chapter.14}% 138
\BOOKMARK [1][-]{section.14.2}{\376\377\227\131\165\065\166\370\116\222\117\134\165\050\122\233\377\014\165\065\127\072}{chapter.14}% 139
\BOOKMARK [2][-]{subsection.14.2.1}{\376\377\136\223\116\321\133\232\137\213}{section.14.2}% 140
\BOOKMARK [2][-]{subsection.14.2.2}{\376\377\165\065\127\072\060\001\165\065\127\072\137\072\136\246\124\214\165\065\122\233\176\277}{section.14.2}% 141
\BOOKMARK [2][-]{subsection.14.2.3}{\376\377\227\131\165\065\127\072\166\204\232\330\145\257\133\232\164\006}{section.14.2}% 142
\BOOKMARK [2][-]{subsection.14.2.4}{\376\377\227\131\165\065\127\072\166\204\163\257\215\357\133\232\164\006}{section.14.2}% 143
\BOOKMARK [1][-]{section.14.3}{\376\377\227\131\165\065\200\375\060\001\165\065\122\277\060\001\165\065\122\277\135\356}{chapter.14}% 144
\BOOKMARK [1][-]{section.14.4}{\376\377\165\065\120\166\147\201\133\120\152\041\127\213}{chapter.14}% 145
\BOOKMARK [1][-]{section.14.5}{\376\377\165\065\127\072\116\055\166\204\133\374\117\123}{chapter.14}% 146
\BOOKMARK [2][-]{subsection.14.5.1}{\376\377\165\065\127\072\166\204\125\057\116\000\140\047\133\232\164\006\377\014\165\065\120\317\154\325}{section.14.5}% 147
\BOOKMARK [1][-]{section.14.6}{\376\377\165\065\116\313\215\050\060\001\165\065\133\271}{chapter.14}% 148
\BOOKMARK [2][-]{subsection.14.6.1}{\376\377\165\065\133\271\165\065\215\357}{section.14.6}% 149
\BOOKMARK [2][-]{subsection.14.6.2}{\376\377\176\335\177\030\117\123\060\001\165\065\116\313\215\050\116\016\147\201\123\026}{section.14.6}% 150
\BOOKMARK [0][-]{chapter.15}{\376\377\172\063\140\122\165\065\155\101}{}% 151
\BOOKMARK [1][-]{section.15.1}{\376\377\165\065\155\101\166\204\137\256\211\302\211\343\221\312}{chapter.15}% 152
\BOOKMARK [1][-]{section.15.2}{\376\377\153\047\131\306\133\232\137\213}{chapter.15}% 153
\BOOKMARK [1][-]{section.15.3}{\376\377\173\200\123\125\165\065\215\357}{chapter.15}% 154
\BOOKMARK [1][-]{section.15.4}{\376\377\131\015\147\102\165\065\215\357\377\014\127\372\134\024\227\015\131\053\133\232\137\213}{chapter.15}% 155
\BOOKMARK [1][-]{section.15.5}{\376\377\165\065\123\213\210\150\060\001\165\065\155\101\210\150\124\214\153\047\131\306\210\150}{chapter.15}% 156
\BOOKMARK [1][-]{section.15.6}{\376\377\140\340\145\257\220\032\165\065\150\145\124\214\210\145\120\177\165\065\215\357}{chapter.15}% 157
\BOOKMARK [1][-]{section.15.7}{\376\377\123\112\133\374\117\123\173\200\116\313}{chapter.15}% 158
\BOOKMARK [0][-]{chapter.16}{\376\377\227\131\170\301\127\072}{}% 159
\BOOKMARK [1][-]{section.16.1}{\376\377\165\065\170\301\127\072\116\055\136\046\165\065\174\222\133\120\166\204\217\320\122\250}{chapter.16}% 160
\BOOKMARK [1][-]{section.16.2}{\376\377\170\301\127\072\116\055\166\204\165\065\155\101}{chapter.16}% 161
\BOOKMARK [1][-]{section.16.3}{\376\377\165\065\155\101\116\247\165\037\166\204\170\301\127\072}{chapter.16}% 162
\BOOKMARK [2][-]{subsection.16.3.1}{\376\377\133\211\127\371\163\257\215\357\133\232\164\006}{section.16.3}% 163
\BOOKMARK [2][-]{subsection.16.3.2}{\376\377\170\301\232\330\145\257\133\232\164\006}{section.16.3}% 164
\BOOKMARK [0][-]{chapter.17}{\376\377\165\065\170\301\141\037\136\224}{}% 165
\BOOKMARK [1][-]{section.17.1}{\376\377\165\065\170\301\141\037\136\224\133\232\137\213}{chapter.17}% 166
\BOOKMARK [2][-]{subsection.17.1.1}{\376\377\122\250\165\037\165\065\122\250\122\277}{section.17.1}% 167
\BOOKMARK [2][-]{subsection.17.1.2}{\376\377\141\037\165\037\165\065\122\250\122\277}{section.17.1}% 168
\BOOKMARK [1][-]{section.17.2}{\376\377\201\352\141\037\124\214\116\222\141\037}{chapter.17}% 169
\BOOKMARK [2][-]{subsection.17.2.1}{\376\377\201\352\141\037\163\260\214\141\060\001\201\352\141\037\174\373\145\160}{section.17.2}% 170
\BOOKMARK [2][-]{subsection.17.2.2}{\376\377\116\222\141\037\163\260\214\141\060\001\116\222\141\037\174\373\145\160}{section.17.2}% 171
\BOOKMARK [1][-]{section.17.3}{\376\377\215\205\133\374\117\123\166\204\170\301\145\110\136\224}{chapter.17}% 172
\BOOKMARK [0][-]{chapter.18}{\376\377\116\244\155\101\165\065\215\357}{}% 173
\BOOKMARK [1][-]{section.18.1}{\376\377\116\244\155\101\165\065\060\001\116\244\155\101\123\321\165\065\147\072}{chapter.18}% 174
\BOOKMARK [1][-]{section.18.2}{\376\377\116\244\155\101\165\065\215\357\116\055\166\204\165\065\141\037\124\214\165\065\133\271}{chapter.18}% 175
\BOOKMARK [1][-]{section.18.3}{\376\377\116\244\155\101\165\065\215\357\166\204\167\342\221\317\126\376\211\343}{chapter.18}% 176
\BOOKMARK [1][-]{section.18.4}{\376\377\123\330\123\213\126\150}{chapter.18}% 177
\BOOKMARK [1][-]{section.18.5}{\376\377\000*\145\164\155\101\060\001\156\344\154\342\124\214\172\063\123\213}{chapter.18}% 178
\BOOKMARK [0][-]{chapter.19}{\376\377\165\065\170\301\127\072\164\006\213\272\377\014\165\065\170\301\154\342}{}% 179
\BOOKMARK [1][-]{section.19.1}{\376\377\236\246\121\113\145\257\227\346\166\204\165\065\170\301\127\072\164\006\213\272}{chapter.19}% 180
\BOOKMARK [1][-]{section.19.2}{\376\377\165\065\170\301\154\342}{chapter.19}% 181
\BOOKMARK [1][-]{section.19.3}{\376\377\121\111\166\204\165\065\170\301\164\006\213\272}{chapter.19}% 182
\BOOKMARK [0][-]{chapter.20}{\376\377\154\342\122\250\121\111\133\146}{}% 183
\BOOKMARK [1][-]{section.20.1}{\376\377\136\162\155\211}{chapter.20}% 184
\BOOKMARK [1][-]{section.20.2}{\376\377\210\115\134\004}{chapter.20}% 185
\BOOKMARK [1][-]{section.20.3}{\376\377\120\117\143\057}{chapter.20}% 186
\BOOKMARK [0][-]{chapter.21}{\376\377\166\370\133\371\213\272}{}% 187
\BOOKMARK [1][-]{section.21.1}{\376\377\166\370\133\371\213\272\166\204\123\321\163\260}{chapter.21}% 188
\BOOKMARK [1][-]{section.21.2}{\376\377\145\260\166\204\145\366\172\172\164\006\213\272}{chapter.21}% 189
\BOOKMARK [1][-]{section.21.3}{\376\377\166\370\133\371\213\272\166\204\116\000\116\233\163\260\214\141}{chapter.21}% 190
\BOOKMARK [2][-]{subsection.21.3.1}{\376\377\122\250\224\237\123\330\141\142}{section.21.3}% 191
\BOOKMARK [2][-]{subsection.21.3.2}{\376\377\122\250\134\072\177\051\167\355}{section.21.3}% 192
\BOOKMARK [2][-]{subsection.21.3.3}{\376\377\166\370\133\371\213\272\166\204\220\037\136\246\123\340\122\240}{section.21.3}% 193
\BOOKMARK [2][-]{subsection.21.3.4}{\376\377\131\032\146\156\122\322\145\110\136\224\124\214\121\111\210\114\135\356}{section.21.3}% 194
\BOOKMARK [1][-]{section.21.4}{\376\377\166\370\133\371\213\272\166\204\122\250\122\233\133\146}{chapter.21}% 195
\BOOKMARK [1][-]{section.21.5}{\376\377\116\015\124\014\123\302\200\003\174\373\116\055\166\204\165\065\170\301\127\072}{chapter.21}% 196
\BOOKMARK [0][-]{chapter.22}{\376\377\221\317\133\120\162\151\164\006\122\035\153\145}{}% 197
\BOOKMARK [1][-]{section.22.1}{\376\377\236\321\117\123\217\220\134\004\377\032\200\375\221\317\166\204\221\317\133\120\123\026}{chapter.22}% 198
\BOOKMARK [1][-]{section.22.2}{\376\377\121\111\221\317\133\120\120\107\213\276\377\032\121\111\165\065\145\110\136\224\377\014\217\220\134\004\377\010\162\151\215\050\377\011\166\204\221\317\133\120\123\026}{chapter.22}% 199
\BOOKMARK [1][-]{section.22.3}{\376\377\154\042\123\237\133\120\121\111\214\061\377\032\217\150\220\123\377\010\217\320\122\250\377\011\166\204\221\317\133\120\123\026}{chapter.22}% 200
\BOOKMARK [1][-]{section.22.4}{\376\377\154\342\174\222\116\214\214\141\140\047\377\032\220\032\124\021\137\256\211\302\116\026\165\114\166\204\131\047\225\350}{chapter.22}% 201
\BOOKMARK [1][-]{section.22.5}{\376\377\221\317\133\120\122\233\133\146\377\014\155\113\116\015\121\306\123\237\164\006}{chapter.22}% 202
\BOOKMARK [0][-]{chapter.23}{\376\377\137\256\121\103\154\325}{}% 203
\BOOKMARK [1][-]{section.23.1}{\376\377\134\017\221\317\122\006\147\220}{chapter.23}% 204
\BOOKMARK [1][-]{section.23.2}{\376\377\206\132\122\237\123\237\164\006}{chapter.23}% 205
\BOOKMARK [1][-]{section.23.3}{\376\377\121\215\213\272\137\256\171\357\122\006}{chapter.23}% 206
\BOOKMARK [0][-]{chapter.24}{\376\377\230\230\136\223}{}% 207
\BOOKMARK [1][-]{section.a..1}{\376\377\127\372\147\054\136\070\145\160}{chapter.24}% 208
\BOOKMARK [1][-]{section.a..2}{\376\377\000S\000e\000c\000o\000n\000d\000\040\000a\000p\000p\000e\000n\000d\000i\000x}{chapter.24}% 209
